\BOOKMARK [1][-]{section.1}{\376\377\121\166\116\326}{}% 1
\BOOKMARK [2][-]{subsection.1.1}{\376\377\000O\0003}{section.1}% 2
\BOOKMARK [2][-]{subsection.1.2}{\376\377\000f\000a\000n\000z\000h\000u\000a\000n}{section.1}% 3
\BOOKMARK [2][-]{subsection.1.3}{\376\377\000f\000a\000s\000t\000I\000O}{section.1}% 4
\BOOKMARK [2][-]{subsection.1.4}{\376\377\000h\000e\000a\000d}{section.1}% 5
\BOOKMARK [2][-]{subsection.1.5}{\376\377\123\326\145\164}{section.1}% 6
\BOOKMARK [2][-]{subsection.1.6}{\376\377\171\273\145\143\123\026}{section.1}% 7
\BOOKMARK [1][-]{section.2}{\376\377\126\376\213\272}{}% 8
\BOOKMARK [2][-]{subsection.2.1}{\376\377\000B\000o\000r\000u\000v\000k\000a}{section.2}% 9
\BOOKMARK [2][-]{subsection.2.2}{\376\377\000O\0001\000\040\000L\000C\000A}{section.2}% 10
\BOOKMARK [2][-]{subsection.2.3}{\376\377\000O\000n\000-\000O\0001\000\040\000l\000c\000a}{section.2}% 11
\BOOKMARK [2][-]{subsection.2.4}{\376\377\000j\000i\000a\000n\000g\000l\000y\215\071\165\050\155\101}{section.2}% 12
\BOOKMARK [2][-]{subsection.2.5}{\376\377\000t\000a\000r\000j\000a\000n\154\102\000s\000c\000c}{section.2}% 13
\BOOKMARK [2][-]{subsection.2.6}{\376\377\000t\000a\000r\000j\000a\000n\154\102\160\271\123\314}{section.2}% 14
\BOOKMARK [2][-]{subsection.2.7}{\376\377\000t\000a\000r\000j\000a\000n\154\102\217\271\123\314}{section.2}% 15
\BOOKMARK [2][-]{subsection.2.8}{\376\377\000t\000w\000o\000s\000a\000t}{section.2}% 16
\BOOKMARK [2][-]{subsection.2.9}{\376\377\120\015\130\236\000l\000c\000a}{section.2}% 17
\BOOKMARK [2][-]{subsection.2.10}{\376\377\136\166\147\345\226\306}{section.2}% 18
\BOOKMARK [2][-]{subsection.2.11}{\376\377\147\000\131\047\155\101}{section.2}% 19
\BOOKMARK [1][-]{section.3}{\376\377\133\127\173\046\116\062}{}% 20
\BOOKMARK [2][-]{subsection.3.1}{\376\377\000P\000A\000M}{section.3}% 21
\BOOKMARK [2][-]{subsection.3.2}{\376\377\000a\000c\000m}{section.3}% 22
\BOOKMARK [2][-]{subsection.3.3}{\376\377\000h\000a\000s\000h\000h\000u\000i\000w\000e\000n}{section.3}% 23
\BOOKMARK [2][-]{subsection.3.4}{\376\377\000k\000m\000p}{section.3}% 24
\BOOKMARK [2][-]{subsection.3.5}{\376\377\000k\000m\000p\201\352\122\250\147\072}{section.3}% 25
\BOOKMARK [2][-]{subsection.3.6}{\376\377\000m\000a\000n\000c\000h\000e\000r}{section.3}% 26
\BOOKMARK [2][-]{subsection.3.7}{\376\377\000s\000a\000+\000r\000m\000q\154\102\000l\000c\000p}{section.3}% 27
\BOOKMARK [2][-]{subsection.3.8}{\376\377\000s\000a\000m}{section.3}% 28
\BOOKMARK [2][-]{subsection.3.9}{\376\377\000t\000r\000i\000e}{section.3}% 29
\BOOKMARK [2][-]{subsection.3.10}{\376\377\000u\000l\000l\123\125\124\310}{section.3}% 30
\BOOKMARK [2][-]{subsection.3.11}{\376\377\124\016\177\000\145\160\176\304}{section.3}% 31
\BOOKMARK [2][-]{subsection.3.12}{\376\377\201\352\122\250\123\326\152\041\174\173\000h\000a\000s\000h}{section.3}% 32
\BOOKMARK [1][-]{section.4}{\376\377\145\160\133\146}{}% 33
\BOOKMARK [2][-]{subsection.4.1}{\376\377\000M\000l\000o\000n\000g}{section.4}% 34
\BOOKMARK [2][-]{subsection.4.2}{\376\377\000P\000o\000l\000l\000a\000r\000d\000-\000p\000h\000o}{section.4}% 35
\BOOKMARK [2][-]{subsection.4.3}{\376\377\000a\000x\000+\000b\000y\000=\000c\154\102\211\343}{section.4}% 36
\BOOKMARK [2][-]{subsection.4.4}{\376\377\000j\000l\000y\131\032\230\171\137\017}{section.4}% 37
\BOOKMARK [2][-]{subsection.4.5}{\376\377\000m\000i\000n\000t}{section.4}% 38
\BOOKMARK [2][-]{subsection.4.6}{\376\377\000s\000k\000i\000p\000,\000P\000o\000l\000l\000a\000r\000d\000-\000p\000h\000o}{section.4}% 39
\BOOKMARK [2][-]{subsection.4.7}{\376\377\122\006\145\160\174\173}{section.4}% 40
\BOOKMARK [2][-]{subsection.4.8}{\376\377\131\047\145\160}{section.4}% 41
\BOOKMARK [2][-]{subsection.4.9}{\376\377\142\323\134\125\000e\000x\000g\000c\000d\154\102\220\006\121\103}{section.4}% 42
\BOOKMARK [2][-]{subsection.4.10}{\376\377\176\277\140\047\127\372}{section.4}% 43
\BOOKMARK [2][-]{subsection.4.11}{\376\377\203\253\153\324\116\114\145\257\123\315\157\024}{section.4}% 44
\BOOKMARK [1][-]{section.5}{\376\377\145\160\143\156\176\323\147\204}{}% 45
\BOOKMARK [2][-]{subsection.5.1}{\376\377\000R\000M\000Q}{section.5}% 46
\BOOKMARK [2][-]{subsection.5.2}{\376\377\000j\000l\000s\122\006\127\127}{section.5}% 47
\BOOKMARK [2][-]{subsection.5.3}{\376\377\000s\000t\210\150}{section.5}% 48
\BOOKMARK [2][-]{subsection.5.4}{\376\377\000z\000k\000w\176\277\153\265\150\021}{section.5}% 49
\BOOKMARK [2][-]{subsection.5.5}{\376\377\116\073\136\055\150\021}{section.5}% 50
\BOOKMARK [2][-]{subsection.5.6}{\376\377\122\250\140\001\116\055\117\115\145\160}{section.5}% 51
\BOOKMARK [2][-]{subsection.5.7}{\376\377\123\072\225\364\117\356\145\071\000+\000l\000a\000z\000y\176\277\153\265\150\021}{section.5}% 52
\BOOKMARK [2][-]{subsection.5.8}{\376\377\123\125\160\271\117\356\145\071\176\277\153\265\150\021}{section.5}% 53
\BOOKMARK [2][-]{subsection.5.9}{\376\377\142\153\143\317\176\277\000n\000o\000d\000e\162\110}{section.5}% 54
\BOOKMARK [2][-]{subsection.5.10}{\376\377\150\021\162\266\145\160\176\304}{section.5}% 55
\BOOKMARK [2][-]{subsection.5.11}{\376\377\150\021\224\376\122\126\122\006}{section.5}% 56
\BOOKMARK [2][-]{subsection.5.12}{\376\377\163\302\147\065\203\211\150\021}{section.5}% 57
\BOOKMARK [2][-]{subsection.5.13}{\376\377\173\033\123\141\134\024\150\021}{section.5}% 58
\BOOKMARK [2][-]{subsection.5.14}{\376\377\176\277\153\265\150\021\116\343\146\377\000s\000e\000t}{section.5}% 59
\BOOKMARK [2][-]{subsection.5.15}{\376\377\203\253\226\037}{section.5}% 60
\BOOKMARK [1][-]{section.6}{\376\377\213\241\173\227\121\340\117\125}{}% 61
\BOOKMARK [2][-]{subsection.6.1}{\376\377\162\133\133\242\213\241\173\227\121\340\117\125}{section.6}% 62
